Using pre-set license
Built from '2020.3/staging' branch; Version is '2020.3.6f1 (338bb68529b2) revision 3378102'; Using compiler version '192528614'; Build Type 'Release'
OS: 'Windows 10 Home; OS build 19044.1706; Version 2009; 64bit' Language: 'ko' Physical Memory: 16305 MB
BatchMode: 1, IsHumanControllingUs: 0, StartBugReporterOnCrash: 0, Is64bit: 1, IsPro: 0

 COMMAND LINE ARGUMENTS:
D:\ProjecT\Unity\Hub\Editor\2020.3.6f1\Editor\Unity.exe
-adb2
-batchMode
-noUpm
-name
AssetImportWorker0
-projectPath
D:/ProjecT/Project_Folder/Unity/KD_
-logFile
Logs/AssetImportWorker0.log
-srvPort
50776
Successfully changed project path to: D:/ProjecT/Project_Folder/Unity/KD_
D:/ProjecT/Project_Folder/Unity/KD_
Using Asset Import Pipeline V2.
Refreshing native plugins compatible for Editor in 19.07 ms, found 0 plugins.
Preloading 0 native plugins for Editor in 0.00 ms.
Initialize engine version: 2020.3.6f1 (338bb68529b2)
[Subsystems] Discovering subsystems at path D:/ProjecT/Unity/Hub/Editor/2020.3.6f1/Editor/Data/Resources/UnitySubsystems
[Subsystems] Discovering subsystems at path D:/ProjecT/Project_Folder/Unity/KD_/Assets
GfxDevice: creating device client; threaded=0
Direct3D:
    Version:  Direct3D 11.0 [level 11.1]
    Renderer: NVIDIA GeForce RTX 2070 Super with Max-Q Design (ID=0x1ed1)
    Vendor:   
    VRAM:     8012 MB
    Driver:   30.0.15.1179
Initialize mono
Mono path[0] = 'D:/ProjecT/Unity/Hub/Editor/2020.3.6f1/Editor/Data/Managed'
Mono path[1] = 'D:/ProjecT/Unity/Hub/Editor/2020.3.6f1/Editor/Data/MonoBleedingEdge/lib/mono/unityjit'
Mono config path = 'D:/ProjecT/Unity/Hub/Editor/2020.3.6f1/Editor/Data/MonoBleedingEdge/etc'
Using monoOptions --debugger-agent=transport=dt_socket,embedding=1,server=y,suspend=n,address=127.0.0.1:56052
Begin MonoManager ReloadAssembly
Registering precompiled unity dll's ...
Register platform support module: D:/ProjecT/Unity/Hub/Editor/2020.3.6f1/Editor/Data/PlaybackEngines/WindowsStandaloneSupport/UnityEditor.WindowsStandalone.Extensions.dll
Registered in 0.001226 seconds.
Native extension for WindowsStandalone target not found
Refreshing native plugins compatible for Editor in 19.81 ms, found 0 plugins.
Preloading 0 native plugins for Editor in 0.00 ms.
Mono: successfully reloaded assembly
- Completed reload, in  1.720 seconds
Platform modules already initialized, skipping
Registering precompiled user dll's ...
Registered in 0.000778 seconds.
Begin MonoManager ReloadAssembly
Native extension for WindowsStandalone target not found
Refreshing native plugins compatible for Editor in 0.17 ms, found 0 plugins.
Preloading 0 native plugins for Editor in 0.00 ms.
Mono: successfully reloaded assembly
- Completed reload, in  0.738 seconds
Platform modules already initialized, skipping
========================================================================
Worker process is ready to serve import requests
Launched and connected shader compiler UnityShaderCompiler.exe after 0.03 seconds
Refreshing native plugins compatible for Editor in 0.18 ms, found 0 plugins.
Preloading 0 native plugins for Editor in 0.00 ms.
Unloading 1132 Unused Serialized files (Serialized files now loaded: 0)
System memory in use before: 57.5 MB.
System memory in use after: 57.6 MB.

Unloading 10 unused Assets to reduce memory usage. Loaded Objects now: 1573.
Total: 2.001600 ms (FindLiveObjects: 0.223200 ms CreateObjectMapping: 0.067200 ms MarkObjects: 1.612200 ms  DeleteObjects: 0.098300 ms)

========================================================================
Received Import Request.
  path: Assets/Scenes/SampleScene.unity
  artifactKey: Guid(9fc0d4010bbf28b4594072e72b8655ab) Importer(815301076,1909f56bfc062723c751e8b465ee728b)
Start importing Assets/Scenes/SampleScene.unity using Guid(9fc0d4010bbf28b4594072e72b8655ab) Importer(815301076,1909f56bfc062723c751e8b465ee728b)  -> (artifact id: 'd7eab9658e788e1652614d67eaf890c6') in 0.064465 seconds
  Import took 0.089945 seconds .

========================================================================
Received Import Request.
  Time since last request: 31.502221 seconds.
  path: Assets/kd/상속
  artifactKey: Guid(e7d946f72ebd4e44daea986e7c9461da) Importer(815301076,1909f56bfc062723c751e8b465ee728b)
Start importing Assets/kd/상속 using Guid(e7d946f72ebd4e44daea986e7c9461da) Importer(815301076,1909f56bfc062723c751e8b465ee728b)  -> (artifact id: 'c1fe77d9f5c0a1c2dd7a5ee59f19a10e') in 0.002145 seconds
  Import took 0.004165 seconds .

========================================================================
Received Import Request.
  Time since last request: 11.566162 seconds.
  path: Assets/kd/상속/Human.cs
  artifactKey: Guid(34e289bf810dc5a4b8d3582160b19ecc) Importer(815301076,1909f56bfc062723c751e8b465ee728b)
Start importing Assets/kd/상속/Human.cs using Guid(34e289bf810dc5a4b8d3582160b19ecc) Importer(815301076,1909f56bfc062723c751e8b465ee728b)  -> (artifact id: 'b05c87dda3f522374459db961db94b5e') in 0.019658 seconds
  Import took 0.021390 seconds .

========================================================================
Received Import Request.
  Time since last request: 0.001988 seconds.
  path: Assets/kd/상속/Human.cs
  artifactKey: Guid(34e289bf810dc5a4b8d3582160b19ecc) Importer(815301076,1909f56bfc062723c751e8b465ee728b)
Start importing Assets/kd/상속/Human.cs using Guid(34e289bf810dc5a4b8d3582160b19ecc) Importer(815301076,1909f56bfc062723c751e8b465ee728b)  -> (artifact id: 'b05c87dda3f522374459db961db94b5e') in 0.001629 seconds
  Import took 0.003540 seconds .

========================================================================
Received Prepare
Registering precompiled user dll's ...
Registered in 0.000616 seconds.
Begin MonoManager ReloadAssembly
Native extension for WindowsStandalone target not found
Refreshing native plugins compatible for Editor in 0.34 ms, found 0 plugins.
Preloading 0 native plugins for Editor in 0.00 ms.
Mono: successfully reloaded assembly
- Completed reload, in  0.890 seconds
Platform modules already initialized, skipping
Refreshing native plugins compatible for Editor in 0.23 ms, found 0 plugins.
Preloading 0 native plugins for Editor in 0.00 ms.
Unloading 1128 Unused Serialized files (Serialized files now loaded: 0)
System memory in use before: 57.5 MB.
System memory in use after: 57.6 MB.

Unloading 5 unused Assets to reduce memory usage. Loaded Objects now: 1577.
Total: 1.725600 ms (FindLiveObjects: 0.247600 ms CreateObjectMapping: 0.101400 ms MarkObjects: 1.324900 ms  DeleteObjects: 0.050700 ms)

========================================================================
Received Prepare
Registering precompiled user dll's ...
Registered in 0.000666 seconds.
Begin MonoManager ReloadAssembly
Native extension for WindowsStandalone target not found
Refreshing native plugins compatible for Editor in 0.18 ms, found 0 plugins.
Preloading 0 native plugins for Editor in 0.00 ms.
Mono: successfully reloaded assembly
- Completed reload, in  0.747 seconds
Platform modules already initialized, skipping
Refreshing native plugins compatible for Editor in 0.20 ms, found 0 plugins.
Preloading 0 native plugins for Editor in 0.00 ms.
Unloading 1128 Unused Serialized files (Serialized files now loaded: 0)
System memory in use before: 57.5 MB.
System memory in use after: 57.6 MB.

Unloading 5 unused Assets to reduce memory usage. Loaded Objects now: 1580.
Total: 1.569900 ms (FindLiveObjects: 0.134200 ms CreateObjectMapping: 0.040500 ms MarkObjects: 1.336900 ms  DeleteObjects: 0.056900 ms)

========================================================================
Received Import Request.
  Time since last request: 36.235531 seconds.
  path: Assets/kd/상속/Human.cs
  artifactKey: Guid(34e289bf810dc5a4b8d3582160b19ecc) Importer(815301076,1909f56bfc062723c751e8b465ee728b)
Start importing Assets/kd/상속/Human.cs using Guid(34e289bf810dc5a4b8d3582160b19ecc) Importer(815301076,1909f56bfc062723c751e8b465ee728b)  -> (artifact id: 'd652e9ce0929c9d4b5d6170c8d39870b') in 0.003016 seconds
  Import took 0.004718 seconds .

========================================================================
Received Import Request.
  Time since last request: 6.901255 seconds.
  path: Assets/kd/상속/Student.cs
  artifactKey: Guid(31d303582b76ae84ea21358e8aa82396) Importer(815301076,1909f56bfc062723c751e8b465ee728b)
Start importing Assets/kd/상속/Student.cs using Guid(31d303582b76ae84ea21358e8aa82396) Importer(815301076,1909f56bfc062723c751e8b465ee728b)  -> (artifact id: 'e05e941a5c8f09ed2e027cdcd2c1433a') in 0.001717 seconds
  Import took 0.003407 seconds .

========================================================================
Received Import Request.
  Time since last request: 0.000633 seconds.
  path: Assets/kd/상속/Student.cs
  artifactKey: Guid(31d303582b76ae84ea21358e8aa82396) Importer(815301076,1909f56bfc062723c751e8b465ee728b)
Start importing Assets/kd/상속/Student.cs using Guid(31d303582b76ae84ea21358e8aa82396) Importer(815301076,1909f56bfc062723c751e8b465ee728b)  -> (artifact id: 'e05e941a5c8f09ed2e027cdcd2c1433a') in 0.002016 seconds
  Import took 0.003558 seconds .

========================================================================
Received Prepare
Registering precompiled user dll's ...
Registered in 0.000656 seconds.
Begin MonoManager ReloadAssembly
Native extension for WindowsStandalone target not found
Refreshing native plugins compatible for Editor in 0.32 ms, found 0 plugins.
Preloading 0 native plugins for Editor in 0.00 ms.
Mono: successfully reloaded assembly
- Completed reload, in  0.758 seconds
Platform modules already initialized, skipping
Refreshing native plugins compatible for Editor in 0.19 ms, found 0 plugins.
Preloading 0 native plugins for Editor in 0.00 ms.
Unloading 1129 Unused Serialized files (Serialized files now loaded: 0)
System memory in use before: 57.5 MB.
System memory in use after: 57.6 MB.

Unloading 5 unused Assets to reduce memory usage. Loaded Objects now: 1584.
Total: 1.963800 ms (FindLiveObjects: 0.226800 ms CreateObjectMapping: 0.067400 ms MarkObjects: 1.588800 ms  DeleteObjects: 0.079900 ms)

========================================================================
Received Prepare
Registering precompiled user dll's ...
Registered in 0.001339 seconds.
Begin MonoManager ReloadAssembly
Native extension for WindowsStandalone target not found
Refreshing native plugins compatible for Editor in 0.18 ms, found 0 plugins.
Preloading 0 native plugins for Editor in 0.00 ms.
Mono: successfully reloaded assembly
- Completed reload, in  0.775 seconds
Platform modules already initialized, skipping
Refreshing native plugins compatible for Editor in 0.19 ms, found 0 plugins.
Preloading 0 native plugins for Editor in 0.00 ms.
Unloading 1129 Unused Serialized files (Serialized files now loaded: 0)
System memory in use before: 57.6 MB.
System memory in use after: 57.6 MB.

Unloading 5 unused Assets to reduce memory usage. Loaded Objects now: 1587.
Total: 5.438800 ms (FindLiveObjects: 0.406400 ms CreateObjectMapping: 0.156200 ms MarkObjects: 4.712200 ms  DeleteObjects: 0.159100 ms)

========================================================================
Received Import Request.
  Time since last request: 562.291447 seconds.
  path: Assets/kd/상속/Student.cs
  artifactKey: Guid(31d303582b76ae84ea21358e8aa82396) Importer(815301076,1909f56bfc062723c751e8b465ee728b)
Start importing Assets/kd/상속/Student.cs using Guid(31d303582b76ae84ea21358e8aa82396) Importer(815301076,1909f56bfc062723c751e8b465ee728b)  -> (artifact id: '08bf9235d4a70901161e14815dc0b65c') in 0.003235 seconds
  Import took 0.004957 seconds .

========================================================================
Received Prepare
Registering precompiled user dll's ...
Registered in 0.000910 seconds.
Begin MonoManager ReloadAssembly
Native extension for WindowsStandalone target not found
Refreshing native plugins compatible for Editor in 0.35 ms, found 0 plugins.
Preloading 0 native plugins for Editor in 0.00 ms.
Mono: successfully reloaded assembly
- Completed reload, in  1.120 seconds
Platform modules already initialized, skipping
Refreshing native plugins compatible for Editor in 0.24 ms, found 0 plugins.
Preloading 0 native plugins for Editor in 0.00 ms.
Unloading 1129 Unused Serialized files (Serialized files now loaded: 0)
System memory in use before: 57.6 MB.
System memory in use after: 57.6 MB.

Unloading 5 unused Assets to reduce memory usage. Loaded Objects now: 1590.
Total: 2.188200 ms (FindLiveObjects: 0.276100 ms CreateObjectMapping: 0.120600 ms MarkObjects: 1.730300 ms  DeleteObjects: 0.059400 ms)

========================================================================
Received Prepare
Registering precompiled user dll's ...
Registered in 0.000925 seconds.
Begin MonoManager ReloadAssembly
Native extension for WindowsStandalone target not found
Refreshing native plugins compatible for Editor in 0.24 ms, found 0 plugins.
Preloading 0 native plugins for Editor in 0.00 ms.
Mono: successfully reloaded assembly
- Completed reload, in  1.038 seconds
Platform modules already initialized, skipping
Refreshing native plugins compatible for Editor in 0.24 ms, found 0 plugins.
Preloading 0 native plugins for Editor in 0.00 ms.
Unloading 1129 Unused Serialized files (Serialized files now loaded: 0)
System memory in use before: 57.6 MB.
System memory in use after: 57.6 MB.

Unloading 5 unused Assets to reduce memory usage. Loaded Objects now: 1593.
Total: 2.306900 ms (FindLiveObjects: 0.351400 ms CreateObjectMapping: 0.142400 ms MarkObjects: 1.750800 ms  DeleteObjects: 0.060600 ms)

